<?xml version="1.0" encoding="UTF-8"?>
<!-- Generated by org.testng.reporters.JUnitReportReporter -->
<testsuite hostname="DESKTOP-7JHU8UF" failures="0" tests="4" name="testing.com.AlltestiNG_Annotation" time="0.006" errors="0" timestamp="2022-05-21T20:16:01 EDT" skipped="0">
  <testcase classname="testing.com.AlltestiNG_Annotation" name="Get_Login" time="0.004"/>
  <system-out/>
  <testcase classname="testing.com.AlltestiNG_Annotation" name="Get_Url" time="0.001"/>
  <system-out/>
  <testcase classname="testing.com.AlltestiNG_Annotation" name="Get_Password" time="0.001"/>
  <system-out/>
  <testcase classname="testing.com.AlltestiNG_Annotation" name="Get_UserName" time="0.000"/>
  <system-out/>
</testsuite> <!-- testing.com.AlltestiNG_Annotation -->
