<?xml version="1.0" encoding="UTF-8"?>
<!-- Generated by org.testng.reporters.JUnitReportReporter -->
<testsuite hostname="DESKTOP-7JHU8UF" failures="0" tests="6" name="testcase.com.Testclassified" time="4.690" errors="0" timestamp="2022-06-04T23:06:13 EDT" skipped="1">
  <testcase classname="testcase.com.Testclassified" name="BaseLogin" time="4.686"/>
  <system-out/>
  <testcase classname="testcase.com.Testclassified" name="SearchProduct" time="0.001"/>
  <system-out/>
  <testcase classname="testcase.com.Testclassified" name="SelectItem" time="0.001"/>
  <system-out/>
  <testcase classname="testcase.com.Testclassified" name="AddtoCart" time="0.001"/>
  <system-out/>
  <testcase classname="testcase.com.Testclassified" name="AddressInfo" time="0.001"/>
  <system-out/>
  <testcase classname="testcase.com.Testclassified" name="MakePayment">
    <skipped/>
  </testcase> <!-- MakePayment -->
  <system-out/>
</testsuite> <!-- testcase.com.Testclassified -->
