<?xml version="1.0" encoding="UTF-8"?>
<!-- Generated by org.testng.reporters.JUnitReportReporter -->
<testsuite skipped="0" hostname="DESKTOP-7JHU8UF" name="Result" tests="3" failures="0" timestamp="2022-06-26T23:48:35 EDT" time="3.403" errors="0">
  <testcase name="SearchProduct" time="0.001" classname="Result"/>
  <system-out/>
  <testcase name="BaseLogin" time="3.400" classname="Result"/>
  <system-out/>
  <testcase name="SelectItem" time="0.002" classname="Result"/>
  <system-out/>
</testsuite> <!-- Result -->
