<?xml version="1.0" encoding="UTF-8"?>
<!-- Generated by org.testng.reporters.JUnitReportReporter -->
<testsuite skipped="0" hostname="DESKTOP-7JHU8UF" name="testcase.com.BasicTestNGAuto" tests="2" failures="0" timestamp="2022-06-26T23:51:03 EDT" time="0.007" errors="0">
  <testcase name="Addcart" time="0.006" classname="testcase.com.BasicTestNGAuto"/>
  <system-out/>
  <testcase name="Make_Payment" time="0.001" classname="testcase.com.BasicTestNGAuto"/>
  <system-out/>
</testsuite> <!-- testcase.com.BasicTestNGAuto -->
